\BOOKMARK [1][-]{section.1}{Early Days}{}% 1
\BOOKMARK [1][-]{section.2}{June 28}{}% 2
\BOOKMARK [1][-]{section.3}{June 29}{}% 3
\BOOKMARK [1][-]{section.4}{October 4}{}% 4
\BOOKMARK [1][-]{section.5}{October 22}{}% 5
\BOOKMARK [1][-]{section.6}{October 25}{}% 6
\BOOKMARK [1][-]{section.7}{October 28}{}% 7
\BOOKMARK [1][-]{section.8}{October 29}{}% 8
\BOOKMARK [1][-]{section.9}{Introduction}{}% 9
\BOOKMARK [1][-]{section.10}{Discrete Model}{}% 10
\BOOKMARK [1][-]{section.11}{Equations}{}% 11
\BOOKMARK [2][-]{subsection.11.1}{Internal Element}{section.11}% 12
\BOOKMARK [2][-]{subsection.11.2}{Top Edge Element}{section.11}% 13
\BOOKMARK [2][-]{subsection.11.3}{Left Edge Element}{section.11}% 14
\BOOKMARK [2][-]{subsection.11.4}{Right Edge Element}{section.11}% 15
\BOOKMARK [2][-]{subsection.11.5}{Bottom Edge Element}{section.11}% 16
\BOOKMARK [2][-]{subsection.11.6}{Top Left Corner Element}{section.11}% 17
\BOOKMARK [2][-]{subsection.11.7}{Top Right Corner Element}{section.11}% 18
\BOOKMARK [2][-]{subsection.11.8}{Bottom Left Corner Element}{section.11}% 19
\BOOKMARK [2][-]{subsection.11.9}{Bottom Right Corner Element}{section.11}% 20
